0 info it worked if it ends with ok
1 verbose cli [ 'E:\\desoft\\NodeJS\\node.exe',
1 verbose cli   'E:\\desoft\\NodeJS\\node_modules\\npm\\bin\\npm-cli.js',
1 verbose cli   'run',
1 verbose cli   'debug' ]
2 info using npm@2.14.7
3 info using node@v4.2.2
4 verbose run-script [ 'predebug', 'debug', 'postdebug' ]
5 info predebug web@0.0.1
6 info debug web@0.0.1
7 verbose unsafe-perm in lifecycle true
8 info web@0.0.1 Failed to exec debug script
9 verbose stack Error: web@0.0.1 debug: `node-debug app.js`
9 verbose stack Exit status 1
9 verbose stack     at EventEmitter.<anonymous> (E:\desoft\NodeJS\node_modules\npm\lib\utils\lifecycle.js:214:16)
9 verbose stack     at emitTwo (events.js:87:13)
9 verbose stack     at EventEmitter.emit (events.js:172:7)
9 verbose stack     at ChildProcess.<anonymous> (E:\desoft\NodeJS\node_modules\npm\lib\utils\spawn.js:24:14)
9 verbose stack     at emitTwo (events.js:87:13)
9 verbose stack     at ChildProcess.emit (events.js:172:7)
9 verbose stack     at maybeClose (internal/child_process.js:818:16)
9 verbose stack     at Process.ChildProcess._handle.onexit (internal/child_process.js:211:5)
10 verbose pkgid web@0.0.1
11 verbose cwd C:\wamp\www\my\express-project\web
12 error Windows_NT 6.1.7600
13 error argv "E:\\desoft\\NodeJS\\node.exe" "E:\\desoft\\NodeJS\\node_modules\\npm\\bin\\npm-cli.js" "run" "debug"
14 error node v4.2.2
15 error npm  v2.14.7
16 error code ELIFECYCLE
17 error web@0.0.1 debug: `node-debug app.js`
17 error Exit status 1
18 error Failed at the web@0.0.1 debug script 'node-debug app.js'.
18 error This is most likely a problem with the web package,
18 error not with npm itself.
18 error Tell the author that this fails on your system:
18 error     node-debug app.js
18 error You can get their info via:
18 error     npm owner ls web
18 error There is likely additional logging output above.
19 verbose exit [ 1, true ]
